<?xml version="1.0" encoding="utf-8"?>
<shfbBuild product="Sandcastle Help File Builder" version="1.9.7.0" projectFile="D:\Projects\SHHH\SHHH.Infrastructure.Web\code\src\SHHH_Infrastructure_Web\SHHH_Infrastructure_Web.shfbproj" started="5/21/2013 11:05:55 PM">
<buildStep step="Initializing">
Finding tools...
Found Sandcastle tools in &#39;C:\Program Files (x86)\Sandcastle\&#39;
</buildStep>
<buildStep step="ValidatingDocumentationSources">
Validating and copying documentation source information
Source: D:\Projects\SHHH\SHHH.Infrastructure.Web\code\src\SHHH.Infractructure.Web\SHHH.Infrastructure.Web.csproj
    Found project &#39;D:\Projects\SHHH\SHHH.Infrastructure.Web\code\src\SHHH.Infractructure.Web\SHHH.Infrastructure.Web.csproj&#39;
Source: D:\Projects\SHHH\SHHH.Infrastructure.Web\code\src\SHHH.Infrastructure.Web.Bootstrap\SHHH.Infrastructure.Web.Bootstrap.csproj
    Found project &#39;D:\Projects\SHHH\SHHH.Infrastructure.Web\code\src\SHHH.Infrastructure.Web.Bootstrap\SHHH.Infrastructure.Web.Bootstrap.csproj&#39;
Source: D:\Projects\SHHH\SHHH.Infrastructure.Web\code\src\SHHH.Infrastructure.Web.Bootstrap.DependencyResolver\SHHH.Infrastructure.Web.Bootstrap.DependencyResolver.csproj
    Found project &#39;D:\Projects\SHHH\SHHH.Infrastructure.Web\code\src\SHHH.Infrastructure.Web.Bootstrap.DependencyResolver\SHHH.Infrastructure.Web.Bootstrap.DependencyResolver.csproj&#39;
Source: D:\Projects\SHHH\SHHH.Infrastructure.Web\code\src\SHHH.Infrastructure.Web.Testing\SHHH.Infrastructure.Web.Testing.csproj
    Found project &#39;D:\Projects\SHHH\SHHH.Infrastructure.Web\code\src\SHHH.Infrastructure.Web.Testing\SHHH.Infrastructure.Web.Testing.csproj&#39;

Parsing project files
    Found assembly &#39;D:\Projects\SHHH\SHHH.Infrastructure.Web\code\src\SHHH.Infractructure.Web\bin\BuildHelp\SHHH.Infrastructure.Web.dll&#39;
    Found assembly &#39;D:\Projects\SHHH\SHHH.Infrastructure.Web\code\src\SHHH.Infrastructure.Web.Bootstrap\bin\BuildHelp\SHHH.Infrastructure.Web.Bootstrap.dll&#39;
    Found assembly &#39;D:\Projects\SHHH\SHHH.Infrastructure.Web\code\src\SHHH.Infrastructure.Web.Bootstrap.DependencyResolver\bin\BuildHelp\SHHH.Infrastructure.Web.Bootstrap.DependencyResolver.dll&#39;
    Found assembly &#39;D:\Projects\SHHH\SHHH.Infrastructure.Web\code\src\SHHH.Infrastructure.Web.Testing\bin\BuildHelp\SHHH.Infrastructure.Web.Testing.dll&#39;

References to include (excluding framework assemblies):
    Microsoft.Web.Infrastructure, Version=1.0.0.0, Culture=neutral, PublicKeyToken=31bf3856ad364e35, processorArchitecture=MSIL
    Moq
    Newtonsoft.Json
    nunit.framework, Version=2.6.2.12296, Culture=neutral, PublicKeyToken=96d09a1eb7f44a77, processorArchitecture=MSIL
    SHHH.Infrastructure.Web.Bootstrap, Version=1.3.3.3, Culture=neutral, PublicKeyToken=e6c1afb92930c2ff, processorArchitecture=MSIL
    System.Net.Http.Formatting, Version=4.0.0.0, Culture=neutral, PublicKeyToken=31bf3856ad364e35, processorArchitecture=MSIL
    System.Web.Helpers, Version=2.0.0.0, Culture=neutral, PublicKeyToken=31bf3856ad364e35, processorArchitecture=MSIL
    System.Web.Http, Version=4.0.0.0, Culture=neutral, PublicKeyToken=31bf3856ad364e35, processorArchitecture=MSIL
    System.Web.Mvc, Version=4.0.0.0, Culture=neutral, PublicKeyToken=31bf3856ad364e35, processorArchitecture=MSIL
    System.Web.Razor, Version=2.0.0.0, Culture=neutral, PublicKeyToken=31bf3856ad364e35, processorArchitecture=MSIL
    System.Web.WebPages, Version=2.0.0.0, Culture=neutral, PublicKeyToken=31bf3856ad364e35, processorArchitecture=MSIL
    System.Web.WebPages.Deployment, Version=2.0.0.0, Culture=neutral, PublicKeyToken=31bf3856ad364e35, processorArchitecture=MSIL
    System.Web.WebPages.Razor, Version=2.0.0.0, Culture=neutral, PublicKeyToken=31bf3856ad364e35, processorArchitecture=MSIL

Copying XML comments files
    D:\Projects\SHHH\SHHH.Infrastructure.Web\code\src\SHHH.Infractructure.Web\bin\BuildHelp\SHHH.Infrastructure.Web.xml -&gt; D:\Projects\SHHH\_docs\SHHH.Infrastructure.Web\Working\SHHH.Infrastructure.Web.xml
    D:\Projects\SHHH\SHHH.Infrastructure.Web\code\src\SHHH.Infrastructure.Web.Bootstrap\bin\BuildHelp\SHHH.Infrastructure.Web.Bootstrap.xml -&gt; D:\Projects\SHHH\_docs\SHHH.Infrastructure.Web\Working\SHHH.Infrastructure.Web.Bootstrap.xml
    D:\Projects\SHHH\SHHH.Infrastructure.Web\code\src\SHHH.Infrastructure.Web.Bootstrap.DependencyResolver\bin\BuildHelp\SHHH.Infrastructure.Web.Bootstrap.DependencyResolver.xml -&gt; D:\Projects\SHHH\_docs\SHHH.Infrastructure.Web\Working\SHHH.Infrastructure.Web.Bootstrap.DependencyResolver.xml
    D:\Projects\SHHH\SHHH.Infrastructure.Web\code\src\SHHH.Infrastructure.Web.Testing\bin\BuildHelp\SHHH.Infrastructure.Web.Testing.xml -&gt; D:\Projects\SHHH\_docs\SHHH.Infrastructure.Web\Working\SHHH.Infrastructure.Web.Testing.xml
</buildStep>
<buildStep step="GenerateSharedContent">
Generating shared content files (en-US, English (United States))...
    Last step completed in 00:00:00.0950
</buildStep>
<buildStep step="GenerateApiFilter">
Generating API filter for MRefBuilder...
    Last step completed in 00:00:00.0060
</buildStep>
<buildStep step="GenerateReflectionInfo">
Generating reflection information...
[C:\Windows\Microsoft.NET\Framework\v4.0.30319\MSBuild.exe]
  MRefBuilder (v2.7.3.0)
  Copyright c 2006-2013, Microsoft Corporation, All Rights Reserved.
  Portions Copyright c 2006-2013, Eric Woodruff, All Rights Reserved.
  Info: Loaded 4 assemblies for reflection and 14 dependency assemblies.
  Info: Wrote information on 8 namespaces, 18 types, and 54 members
  XslTransform (v2.7.3.0)
  Copyright c 2006-2013, Microsoft Corporation, All Rights Reserved.
  Portions Copyright c 2006-2013, Eric Woodruff, All Rights Reserved.
  Info: Applying XSL transformation &#39;C:\Program Files (x86)\Sandcastle\ProductionTransforms\MergeDuplicates.xsl&#39;.
    Last step completed in 00:00:02.3491
</buildStep>
<buildStep step="GenerateNamespaceSummaries">
Generating namespace summary information...
    Last step completed in 00:00:00.0180
</buildStep>
<buildStep step="ApplyVisibilityProperties">
Applying visibility properties to reflection information file
    0 attribute nodes removed
    0 explicit interface implementations removed
    0 local and base class EII elements removed
    Last step completed in 00:00:00.2130
</buildStep>
<buildStep step="TransformReflectionInfo">
Transforming reflection output...
[C:\Windows\Microsoft.NET\Framework\v4.0.30319\MSBuild.exe]
  XslTransform (v2.7.3.0)
  Copyright c 2006-2013, Microsoft Corporation, All Rights Reserved.
  Portions Copyright c 2006-2013, Eric Woodruff, All Rights Reserved.
  Info: Applying XSL transformation &#39;C:\Program Files (x86)\Sandcastle\\ProductionTransforms\ApplyVSDocModel.xsl&#39;.
  Info: Applying XSL transformation &#39;C:\Program Files (x86)\Sandcastle\ProductionTransforms\AddGuidFilenames.xsl&#39;.
  XslTransform (v2.7.3.0)
  Copyright c 2006-2013, Microsoft Corporation, All Rights Reserved.
  Portions Copyright c 2006-2013, Eric Woodruff, All Rights Reserved.
  Info: Applying XSL transformation &#39;C:\Program Files (x86)\Sandcastle\ProductionTransforms\ReflectionToManifest.xsl&#39;.
    Last step completed in 00:00:01.7131
</buildStep>
<buildStep step="ModifyHelpTopicFilenames">
Modifying help topic filenames in reflection information file
    No changes required
    Last step completed in 00:00:00.0130
</buildStep>
<buildStep step="CopyStandardContent">
Copying standard help content...
C:\Program Files (x86)\Sandcastle\\Presentation\VS2010\icons\1_404_bullet.gif -&gt; D:\Projects\SHHH\_docs\SHHH.Infrastructure.Web\Working\Output\Website\icons\1_404_bullet.gif
C:\Program Files (x86)\Sandcastle\\Presentation\VS2010\icons\2_404_bullet.gif -&gt; D:\Projects\SHHH\_docs\SHHH.Infrastructure.Web\Working\Output\Website\icons\2_404_bullet.gif
C:\Program Files (x86)\Sandcastle\\Presentation\VS2010\icons\alert_caution.gif -&gt; D:\Projects\SHHH\_docs\SHHH.Infrastructure.Web\Working\Output\Website\icons\alert_caution.gif
C:\Program Files (x86)\Sandcastle\\Presentation\VS2010\icons\alert_note.gif -&gt; D:\Projects\SHHH\_docs\SHHH.Infrastructure.Web\Working\Output\Website\icons\alert_note.gif
C:\Program Files (x86)\Sandcastle\\Presentation\VS2010\icons\alert_security.gif -&gt; D:\Projects\SHHH\_docs\SHHH.Infrastructure.Web\Working\Output\Website\icons\alert_security.gif
C:\Program Files (x86)\Sandcastle\\Presentation\VS2010\icons\CFW.gif -&gt; D:\Projects\SHHH\_docs\SHHH.Infrastructure.Web\Working\Output\Website\icons\CFW.gif
C:\Program Files (x86)\Sandcastle\\Presentation\VS2010\icons\close.gif -&gt; D:\Projects\SHHH\_docs\SHHH.Infrastructure.Web\Working\Output\Website\icons\close.gif
C:\Program Files (x86)\Sandcastle\\Presentation\VS2010\icons\favicon.ico -&gt; D:\Projects\SHHH\_docs\SHHH.Infrastructure.Web\Working\Output\Website\icons\favicon.ico
C:\Program Files (x86)\Sandcastle\\Presentation\VS2010\icons\footer_slice.gif -&gt; D:\Projects\SHHH\_docs\SHHH.Infrastructure.Web\Working\Output\Website\icons\footer_slice.gif
C:\Program Files (x86)\Sandcastle\\Presentation\VS2010\icons\info_icon.gif -&gt; D:\Projects\SHHH\_docs\SHHH.Infrastructure.Web\Working\Output\Website\icons\info_icon.gif
C:\Program Files (x86)\Sandcastle\\Presentation\VS2010\icons\note.gif -&gt; D:\Projects\SHHH\_docs\SHHH.Infrastructure.Web\Working\Output\Website\icons\note.gif
C:\Program Files (x86)\Sandcastle\\Presentation\VS2010\icons\online_icon.gif -&gt; D:\Projects\SHHH\_docs\SHHH.Infrastructure.Web\Working\Output\Website\icons\online_icon.gif
C:\Program Files (x86)\Sandcastle\\Presentation\VS2010\icons\open.gif -&gt; D:\Projects\SHHH\_docs\SHHH.Infrastructure.Web\Working\Output\Website\icons\open.gif
C:\Program Files (x86)\Sandcastle\\Presentation\VS2010\icons\pencil.GIF -&gt; D:\Projects\SHHH\_docs\SHHH.Infrastructure.Web\Working\Output\Website\icons\pencil.GIF
C:\Program Files (x86)\Sandcastle\\Presentation\VS2010\icons\privclass.gif -&gt; D:\Projects\SHHH\_docs\SHHH.Infrastructure.Web\Working\Output\Website\icons\privclass.gif
C:\Program Files (x86)\Sandcastle\\Presentation\VS2010\icons\privdelegate.gif -&gt; D:\Projects\SHHH\_docs\SHHH.Infrastructure.Web\Working\Output\Website\icons\privdelegate.gif
C:\Program Files (x86)\Sandcastle\\Presentation\VS2010\icons\privenumeration.gif -&gt; D:\Projects\SHHH\_docs\SHHH.Infrastructure.Web\Working\Output\Website\icons\privenumeration.gif
C:\Program Files (x86)\Sandcastle\\Presentation\VS2010\icons\privevent.gif -&gt; D:\Projects\SHHH\_docs\SHHH.Infrastructure.Web\Working\Output\Website\icons\privevent.gif
C:\Program Files (x86)\Sandcastle\\Presentation\VS2010\icons\privextension.gif -&gt; D:\Projects\SHHH\_docs\SHHH.Infrastructure.Web\Working\Output\Website\icons\privextension.gif
C:\Program Files (x86)\Sandcastle\\Presentation\VS2010\icons\privfield.gif -&gt; D:\Projects\SHHH\_docs\SHHH.Infrastructure.Web\Working\Output\Website\icons\privfield.gif
C:\Program Files (x86)\Sandcastle\\Presentation\VS2010\icons\privinterface.gif -&gt; D:\Projects\SHHH\_docs\SHHH.Infrastructure.Web\Working\Output\Website\icons\privinterface.gif
C:\Program Files (x86)\Sandcastle\\Presentation\VS2010\icons\privmethod.gif -&gt; D:\Projects\SHHH\_docs\SHHH.Infrastructure.Web\Working\Output\Website\icons\privmethod.gif
C:\Program Files (x86)\Sandcastle\\Presentation\VS2010\icons\privproperty.gif -&gt; D:\Projects\SHHH\_docs\SHHH.Infrastructure.Web\Working\Output\Website\icons\privproperty.gif
C:\Program Files (x86)\Sandcastle\\Presentation\VS2010\icons\privstructure.gif -&gt; D:\Projects\SHHH\_docs\SHHH.Infrastructure.Web\Working\Output\Website\icons\privstructure.gif
C:\Program Files (x86)\Sandcastle\\Presentation\VS2010\icons\protclass.gif -&gt; D:\Projects\SHHH\_docs\SHHH.Infrastructure.Web\Working\Output\Website\icons\protclass.gif
C:\Program Files (x86)\Sandcastle\\Presentation\VS2010\icons\protdelegate.gif -&gt; D:\Projects\SHHH\_docs\SHHH.Infrastructure.Web\Working\Output\Website\icons\protdelegate.gif
C:\Program Files (x86)\Sandcastle\\Presentation\VS2010\icons\protenumeration.gif -&gt; D:\Projects\SHHH\_docs\SHHH.Infrastructure.Web\Working\Output\Website\icons\protenumeration.gif
C:\Program Files (x86)\Sandcastle\\Presentation\VS2010\icons\protevent.gif -&gt; D:\Projects\SHHH\_docs\SHHH.Infrastructure.Web\Working\Output\Website\icons\protevent.gif
C:\Program Files (x86)\Sandcastle\\Presentation\VS2010\icons\protextension.gif -&gt; D:\Projects\SHHH\_docs\SHHH.Infrastructure.Web\Working\Output\Website\icons\protextension.gif
C:\Program Files (x86)\Sandcastle\\Presentation\VS2010\icons\protfield.gif -&gt; D:\Projects\SHHH\_docs\SHHH.Infrastructure.Web\Working\Output\Website\icons\protfield.gif
C:\Program Files (x86)\Sandcastle\\Presentation\VS2010\icons\protinterface.gif -&gt; D:\Projects\SHHH\_docs\SHHH.Infrastructure.Web\Working\Output\Website\icons\protinterface.gif
C:\Program Files (x86)\Sandcastle\\Presentation\VS2010\icons\protmethod.gif -&gt; D:\Projects\SHHH\_docs\SHHH.Infrastructure.Web\Working\Output\Website\icons\protmethod.gif
C:\Program Files (x86)\Sandcastle\\Presentation\VS2010\icons\protoperator.gif -&gt; D:\Projects\SHHH\_docs\SHHH.Infrastructure.Web\Working\Output\Website\icons\protoperator.gif
C:\Program Files (x86)\Sandcastle\\Presentation\VS2010\icons\protproperty.gif -&gt; D:\Projects\SHHH\_docs\SHHH.Infrastructure.Web\Working\Output\Website\icons\protproperty.gif
C:\Program Files (x86)\Sandcastle\\Presentation\VS2010\icons\protstructure.gif -&gt; D:\Projects\SHHH\_docs\SHHH.Infrastructure.Web\Working\Output\Website\icons\protstructure.gif
C:\Program Files (x86)\Sandcastle\\Presentation\VS2010\icons\pubclass.gif -&gt; D:\Projects\SHHH\_docs\SHHH.Infrastructure.Web\Working\Output\Website\icons\pubclass.gif
C:\Program Files (x86)\Sandcastle\\Presentation\VS2010\icons\pubdelegate.gif -&gt; D:\Projects\SHHH\_docs\SHHH.Infrastructure.Web\Working\Output\Website\icons\pubdelegate.gif
C:\Program Files (x86)\Sandcastle\\Presentation\VS2010\icons\pubenumeration.gif -&gt; D:\Projects\SHHH\_docs\SHHH.Infrastructure.Web\Working\Output\Website\icons\pubenumeration.gif
C:\Program Files (x86)\Sandcastle\\Presentation\VS2010\icons\pubevent.gif -&gt; D:\Projects\SHHH\_docs\SHHH.Infrastructure.Web\Working\Output\Website\icons\pubevent.gif
C:\Program Files (x86)\Sandcastle\\Presentation\VS2010\icons\pubextension.gif -&gt; D:\Projects\SHHH\_docs\SHHH.Infrastructure.Web\Working\Output\Website\icons\pubextension.gif
C:\Program Files (x86)\Sandcastle\\Presentation\VS2010\icons\pubfield.gif -&gt; D:\Projects\SHHH\_docs\SHHH.Infrastructure.Web\Working\Output\Website\icons\pubfield.gif
C:\Program Files (x86)\Sandcastle\\Presentation\VS2010\icons\pubinterface.gif -&gt; D:\Projects\SHHH\_docs\SHHH.Infrastructure.Web\Working\Output\Website\icons\pubinterface.gif
C:\Program Files (x86)\Sandcastle\\Presentation\VS2010\icons\pubmethod.gif -&gt; D:\Projects\SHHH\_docs\SHHH.Infrastructure.Web\Working\Output\Website\icons\pubmethod.gif
C:\Program Files (x86)\Sandcastle\\Presentation\VS2010\icons\puboperator.gif -&gt; D:\Projects\SHHH\_docs\SHHH.Infrastructure.Web\Working\Output\Website\icons\puboperator.gif
C:\Program Files (x86)\Sandcastle\\Presentation\VS2010\icons\pubproperty.gif -&gt; D:\Projects\SHHH\_docs\SHHH.Infrastructure.Web\Working\Output\Website\icons\pubproperty.gif
C:\Program Files (x86)\Sandcastle\\Presentation\VS2010\icons\pubstructure.gif -&gt; D:\Projects\SHHH\_docs\SHHH.Infrastructure.Web\Working\Output\Website\icons\pubstructure.gif
C:\Program Files (x86)\Sandcastle\\Presentation\VS2010\icons\search.gif -&gt; D:\Projects\SHHH\_docs\SHHH.Infrastructure.Web\Working\Output\Website\icons\search.gif
C:\Program Files (x86)\Sandcastle\\Presentation\VS2010\icons\search_bk.gif -&gt; D:\Projects\SHHH\_docs\SHHH.Infrastructure.Web\Working\Output\Website\icons\search_bk.gif
C:\Program Files (x86)\Sandcastle\\Presentation\VS2010\icons\security.gif -&gt; D:\Projects\SHHH\_docs\SHHH.Infrastructure.Web\Working\Output\Website\icons\security.gif
C:\Program Files (x86)\Sandcastle\\Presentation\VS2010\icons\slMobile.gif -&gt; D:\Projects\SHHH\_docs\SHHH.Infrastructure.Web\Working\Output\Website\icons\slMobile.gif
C:\Program Files (x86)\Sandcastle\\Presentation\VS2010\icons\static.gif -&gt; D:\Projects\SHHH\_docs\SHHH.Infrastructure.Web\Working\Output\Website\icons\static.gif
C:\Program Files (x86)\Sandcastle\\Presentation\VS2010\icons\tabLeftBG.gif -&gt; D:\Projects\SHHH\_docs\SHHH.Infrastructure.Web\Working\Output\Website\icons\tabLeftBG.gif
C:\Program Files (x86)\Sandcastle\\Presentation\VS2010\icons\tabRightBG.gif -&gt; D:\Projects\SHHH\_docs\SHHH.Infrastructure.Web\Working\Output\Website\icons\tabRightBG.gif
C:\Program Files (x86)\Sandcastle\\Presentation\VS2010\icons\ui_om_collapse.gif -&gt; D:\Projects\SHHH\_docs\SHHH.Infrastructure.Web\Working\Output\Website\icons\ui_om_collapse.gif
C:\Program Files (x86)\Sandcastle\\Presentation\VS2010\icons\ui_om_expand.gif -&gt; D:\Projects\SHHH\_docs\SHHH.Infrastructure.Web\Working\Output\Website\icons\ui_om_expand.gif
C:\Program Files (x86)\Sandcastle\\Presentation\VS2010\icons\xna.gif -&gt; D:\Projects\SHHH\_docs\SHHH.Infrastructure.Web\Working\Output\Website\icons\xna.gif
C:\Program Files (x86)\Sandcastle\\Presentation\VS2010\scripts\branding.js -&gt; D:\Projects\SHHH\_docs\SHHH.Infrastructure.Web\Working\Output\Website\scripts\branding.js
C:\Program Files (x86)\Sandcastle\\Presentation\VS2010\styles\branding-cs-CZ.css -&gt; D:\Projects\SHHH\_docs\SHHH.Infrastructure.Web\Working\Output\Website\styles\branding-cs-CZ.css
C:\Program Files (x86)\Sandcastle\\Presentation\VS2010\styles\branding-de-DE.css -&gt; D:\Projects\SHHH\_docs\SHHH.Infrastructure.Web\Working\Output\Website\styles\branding-de-DE.css
C:\Program Files (x86)\Sandcastle\\Presentation\VS2010\styles\branding-en-US.css -&gt; D:\Projects\SHHH\_docs\SHHH.Infrastructure.Web\Working\Output\Website\styles\branding-en-US.css
C:\Program Files (x86)\Sandcastle\\Presentation\VS2010\styles\branding-es-ES.css -&gt; D:\Projects\SHHH\_docs\SHHH.Infrastructure.Web\Working\Output\Website\styles\branding-es-ES.css
C:\Program Files (x86)\Sandcastle\\Presentation\VS2010\styles\branding-fr-FR.css -&gt; D:\Projects\SHHH\_docs\SHHH.Infrastructure.Web\Working\Output\Website\styles\branding-fr-FR.css
C:\Program Files (x86)\Sandcastle\\Presentation\VS2010\styles\branding-it-IT.css -&gt; D:\Projects\SHHH\_docs\SHHH.Infrastructure.Web\Working\Output\Website\styles\branding-it-IT.css
C:\Program Files (x86)\Sandcastle\\Presentation\VS2010\styles\branding-ja-JP.css -&gt; D:\Projects\SHHH\_docs\SHHH.Infrastructure.Web\Working\Output\Website\styles\branding-ja-JP.css
C:\Program Files (x86)\Sandcastle\\Presentation\VS2010\styles\branding-ko-KR.css -&gt; D:\Projects\SHHH\_docs\SHHH.Infrastructure.Web\Working\Output\Website\styles\branding-ko-KR.css
C:\Program Files (x86)\Sandcastle\\Presentation\VS2010\styles\branding-pl-PL.css -&gt; D:\Projects\SHHH\_docs\SHHH.Infrastructure.Web\Working\Output\Website\styles\branding-pl-PL.css
C:\Program Files (x86)\Sandcastle\\Presentation\VS2010\styles\branding-pt-BR.css -&gt; D:\Projects\SHHH\_docs\SHHH.Infrastructure.Web\Working\Output\Website\styles\branding-pt-BR.css
C:\Program Files (x86)\Sandcastle\\Presentation\VS2010\styles\branding-ru-RU.css -&gt; D:\Projects\SHHH\_docs\SHHH.Infrastructure.Web\Working\Output\Website\styles\branding-ru-RU.css
C:\Program Files (x86)\Sandcastle\\Presentation\VS2010\styles\branding-tr-TR.css -&gt; D:\Projects\SHHH\_docs\SHHH.Infrastructure.Web\Working\Output\Website\styles\branding-tr-TR.css
C:\Program Files (x86)\Sandcastle\\Presentation\VS2010\styles\branding-zh-CN.css -&gt; D:\Projects\SHHH\_docs\SHHH.Infrastructure.Web\Working\Output\Website\styles\branding-zh-CN.css
C:\Program Files (x86)\Sandcastle\\Presentation\VS2010\styles\branding-zh-TW.css -&gt; D:\Projects\SHHH\_docs\SHHH.Infrastructure.Web\Working\Output\Website\styles\branding-zh-TW.css
C:\Program Files (x86)\Sandcastle\\Presentation\VS2010\styles\branding.css -&gt; D:\Projects\SHHH\_docs\SHHH.Infrastructure.Web\Working\Output\Website\styles\branding.css
Copying help branding...
C:\Program Files (x86)\Sandcastle\\Presentation\VS2010\branding\dev10.mshc -&gt; D:\Projects\SHHH\_docs\SHHH.Infrastructure.Web\Working\Output\Website\branding\
C:\Program Files (x86)\Sandcastle\\Presentation\VS2010\branding\dev10.mshc -&gt; D:\Projects\SHHH\_docs\SHHH.Infrastructure.Web\Working\branding
    C:\Program Files (x86)\Sandcastle\\Presentation\VS2010\branding\dev10.mshc/body.xslt -> D:\Projects\SHHH\_docs\SHHH.Infrastructure.Web\Working\branding\body.xslt
    C:\Program Files (x86)\Sandcastle\\Presentation\VS2010\branding\dev10.mshc/head.xslt -> D:\Projects\SHHH\_docs\SHHH.Infrastructure.Web\Working\branding\head.xslt
    C:\Program Files (x86)\Sandcastle\\Presentation\VS2010\branding\dev10.mshc/CodeSnippet.xslt -> D:\Projects\SHHH\_docs\SHHH.Infrastructure.Web\Working\branding\CodeSnippet.xslt
    C:\Program Files (x86)\Sandcastle\\Presentation\VS2010\branding\dev10.mshc/codesnippet-cs-CZ.xslt -> D:\Projects\SHHH\_docs\SHHH.Infrastructure.Web\Working\branding\codesnippet-cs-CZ.xslt
    C:\Program Files (x86)\Sandcastle\\Presentation\VS2010\branding\dev10.mshc/codesnippet-de-DE.xslt -> D:\Projects\SHHH\_docs\SHHH.Infrastructure.Web\Working\branding\codesnippet-de-DE.xslt
    C:\Program Files (x86)\Sandcastle\\Presentation\VS2010\branding\dev10.mshc/codesnippet-en-US.xslt -> D:\Projects\SHHH\_docs\SHHH.Infrastructure.Web\Working\branding\codesnippet-en-US.xslt
    C:\Program Files (x86)\Sandcastle\\Presentation\VS2010\branding\dev10.mshc/codesnippet-es-ES.xslt -> D:\Projects\SHHH\_docs\SHHH.Infrastructure.Web\Working\branding\codesnippet-es-ES.xslt
    C:\Program Files (x86)\Sandcastle\\Presentation\VS2010\branding\dev10.mshc/codesnippet-fr-FR.xslt -> D:\Projects\SHHH\_docs\SHHH.Infrastructure.Web\Working\branding\codesnippet-fr-FR.xslt
    C:\Program Files (x86)\Sandcastle\\Presentation\VS2010\branding\dev10.mshc/codesnippet-it-IT.xslt -> D:\Projects\SHHH\_docs\SHHH.Infrastructure.Web\Working\branding\codesnippet-it-IT.xslt
    C:\Program Files (x86)\Sandcastle\\Presentation\VS2010\branding\dev10.mshc/codesnippet-ja-JP.xslt -> D:\Projects\SHHH\_docs\SHHH.Infrastructure.Web\Working\branding\codesnippet-ja-JP.xslt
    C:\Program Files (x86)\Sandcastle\\Presentation\VS2010\branding\dev10.mshc/codesnippet-ko-KR.xslt -> D:\Projects\SHHH\_docs\SHHH.Infrastructure.Web\Working\branding\codesnippet-ko-KR.xslt
    C:\Program Files (x86)\Sandcastle\\Presentation\VS2010\branding\dev10.mshc/codesnippet-pl-PL.xslt -> D:\Projects\SHHH\_docs\SHHH.Infrastructure.Web\Working\branding\codesnippet-pl-PL.xslt
    C:\Program Files (x86)\Sandcastle\\Presentation\VS2010\branding\dev10.mshc/codesnippet-pt-BR.xslt -> D:\Projects\SHHH\_docs\SHHH.Infrastructure.Web\Working\branding\codesnippet-pt-BR.xslt
    C:\Program Files (x86)\Sandcastle\\Presentation\VS2010\branding\dev10.mshc/codesnippet-ru-RU.xslt -> D:\Projects\SHHH\_docs\SHHH.Infrastructure.Web\Working\branding\codesnippet-ru-RU.xslt
    C:\Program Files (x86)\Sandcastle\\Presentation\VS2010\branding\dev10.mshc/codesnippet-tr-TR.xslt -> D:\Projects\SHHH\_docs\SHHH.Infrastructure.Web\Working\branding\codesnippet-tr-TR.xslt
    C:\Program Files (x86)\Sandcastle\\Presentation\VS2010\branding\dev10.mshc/codesnippet-zh-CN.xslt -> D:\Projects\SHHH\_docs\SHHH.Infrastructure.Web\Working\branding\codesnippet-zh-CN.xslt
    C:\Program Files (x86)\Sandcastle\\Presentation\VS2010\branding\dev10.mshc/codesnippet-zh-TW.xslt -> D:\Projects\SHHH\_docs\SHHH.Infrastructure.Web\Working\branding\codesnippet-zh-TW.xslt
    C:\Program Files (x86)\Sandcastle\\Presentation\VS2010\branding\dev10.mshc/Identity.xslt -> D:\Projects\SHHH\_docs\SHHH.Infrastructure.Web\Working\branding\Identity.xslt
    C:\Program Files (x86)\Sandcastle\\Presentation\VS2010\branding\dev10.mshc/InstrumentedLink.xslt -> D:\Projects\SHHH\_docs\SHHH.Infrastructure.Web\Working\branding\InstrumentedLink.xslt
    C:\Program Files (x86)\Sandcastle\\Presentation\VS2010\branding\dev10.mshc/instrumentedlink-cs-CZ.xslt -> D:\Projects\SHHH\_docs\SHHH.Infrastructure.Web\Working\branding\instrumentedlink-cs-CZ.xslt
    C:\Program Files (x86)\Sandcastle\\Presentation\VS2010\branding\dev10.mshc/instrumentedlink-de-DE.xslt -> D:\Projects\SHHH\_docs\SHHH.Infrastructure.Web\Working\branding\instrumentedlink-de-DE.xslt
    C:\Program Files (x86)\Sandcastle\\Presentation\VS2010\branding\dev10.mshc/instrumentedlink-en-US.xslt -> D:\Projects\SHHH\_docs\SHHH.Infrastructure.Web\Working\branding\instrumentedlink-en-US.xslt
    C:\Program Files (x86)\Sandcastle\\Presentation\VS2010\branding\dev10.mshc/instrumentedlink-es-ES.xslt -> D:\Projects\SHHH\_docs\SHHH.Infrastructure.Web\Working\branding\instrumentedlink-es-ES.xslt
    C:\Program Files (x86)\Sandcastle\\Presentation\VS2010\branding\dev10.mshc/instrumentedlink-fr-FR.xslt -> D:\Projects\SHHH\_docs\SHHH.Infrastructure.Web\Working\branding\instrumentedlink-fr-FR.xslt
    C:\Program Files (x86)\Sandcastle\\Presentation\VS2010\branding\dev10.mshc/instrumentedlink-it-IT.xslt -> D:\Projects\SHHH\_docs\SHHH.Infrastructure.Web\Working\branding\instrumentedlink-it-IT.xslt
    C:\Program Files (x86)\Sandcastle\\Presentation\VS2010\branding\dev10.mshc/instrumentedlink-ja-JP.xslt -> D:\Projects\SHHH\_docs\SHHH.Infrastructure.Web\Working\branding\instrumentedlink-ja-JP.xslt
    C:\Program Files (x86)\Sandcastle\\Presentation\VS2010\branding\dev10.mshc/instrumentedlink-ko-KR.xslt -> D:\Projects\SHHH\_docs\SHHH.Infrastructure.Web\Working\branding\instrumentedlink-ko-KR.xslt
    C:\Program Files (x86)\Sandcastle\\Presentation\VS2010\branding\dev10.mshc/instrumentedlink-pl-PL.xslt -> D:\Projects\SHHH\_docs\SHHH.Infrastructure.Web\Working\branding\instrumentedlink-pl-PL.xslt
    C:\Program Files (x86)\Sandcastle\\Presentation\VS2010\branding\dev10.mshc/instrumentedlink-pt-BR.xslt -> D:\Projects\SHHH\_docs\SHHH.Infrastructure.Web\Working\branding\instrumentedlink-pt-BR.xslt
    C:\Program Files (x86)\Sandcastle\\Presentation\VS2010\branding\dev10.mshc/instrumentedlink-ru-RU.xslt -> D:\Projects\SHHH\_docs\SHHH.Infrastructure.Web\Working\branding\instrumentedlink-ru-RU.xslt
    C:\Program Files (x86)\Sandcastle\\Presentation\VS2010\branding\dev10.mshc/instrumentedlink-tr-TR.xslt -> D:\Projects\SHHH\_docs\SHHH.Infrastructure.Web\Working\branding\instrumentedlink-tr-TR.xslt
    C:\Program Files (x86)\Sandcastle\\Presentation\VS2010\branding\dev10.mshc/instrumentedlink-zh-CN.xslt -> D:\Projects\SHHH\_docs\SHHH.Infrastructure.Web\Working\branding\instrumentedlink-zh-CN.xslt
    C:\Program Files (x86)\Sandcastle\\Presentation\VS2010\branding\dev10.mshc/instrumentedlink-zh-TW.xslt -> D:\Projects\SHHH\_docs\SHHH.Infrastructure.Web\Working\branding\instrumentedlink-zh-TW.xslt
    C:\Program Files (x86)\Sandcastle\\Presentation\VS2010\branding\dev10.mshc/LanguageSpecificText.xslt -> D:\Projects\SHHH\_docs\SHHH.Infrastructure.Web\Working\branding\LanguageSpecificText.xslt
    C:\Program Files (x86)\Sandcastle\\Presentation\VS2010\branding\dev10.mshc/MultiViewTable.xslt -> D:\Projects\SHHH\_docs\SHHH.Infrastructure.Web\Working\branding\MultiViewTable.xslt
    C:\Program Files (x86)\Sandcastle\\Presentation\VS2010\branding\dev10.mshc/MultiViewTable-cs-CZ.xslt -> D:\Projects\SHHH\_docs\SHHH.Infrastructure.Web\Working\branding\MultiViewTable-cs-CZ.xslt
    C:\Program Files (x86)\Sandcastle\\Presentation\VS2010\branding\dev10.mshc/MultiViewTable-de-DE.xslt -> D:\Projects\SHHH\_docs\SHHH.Infrastructure.Web\Working\branding\MultiViewTable-de-DE.xslt
    C:\Program Files (x86)\Sandcastle\\Presentation\VS2010\branding\dev10.mshc/MultiViewTable-en-US.xslt -> D:\Projects\SHHH\_docs\SHHH.Infrastructure.Web\Working\branding\MultiViewTable-en-US.xslt
    C:\Program Files (x86)\Sandcastle\\Presentation\VS2010\branding\dev10.mshc/MultiViewTable-es-ES.xslt -> D:\Projects\SHHH\_docs\SHHH.Infrastructure.Web\Working\branding\MultiViewTable-es-ES.xslt
    C:\Program Files (x86)\Sandcastle\\Presentation\VS2010\branding\dev10.mshc/MultiViewTable-fr-FR.xslt -> D:\Projects\SHHH\_docs\SHHH.Infrastructure.Web\Working\branding\MultiViewTable-fr-FR.xslt
    C:\Program Files (x86)\Sandcastle\\Presentation\VS2010\branding\dev10.mshc/MultiViewTable-it-IT.xslt -> D:\Projects\SHHH\_docs\SHHH.Infrastructure.Web\Working\branding\MultiViewTable-it-IT.xslt
    C:\Program Files (x86)\Sandcastle\\Presentation\VS2010\branding\dev10.mshc/MultiViewTable-ja-JP.xslt -> D:\Projects\SHHH\_docs\SHHH.Infrastructure.Web\Working\branding\MultiViewTable-ja-JP.xslt
    C:\Program Files (x86)\Sandcastle\\Presentation\VS2010\branding\dev10.mshc/MultiViewTable-ko-KR.xslt -> D:\Projects\SHHH\_docs\SHHH.Infrastructure.Web\Working\branding\MultiViewTable-ko-KR.xslt
    C:\Program Files (x86)\Sandcastle\\Presentation\VS2010\branding\dev10.mshc/MultiViewTable-pl-PL.xslt -> D:\Projects\SHHH\_docs\SHHH.Infrastructure.Web\Working\branding\MultiViewTable-pl-PL.xslt
    C:\Program Files (x86)\Sandcastle\\Presentation\VS2010\branding\dev10.mshc/MultiViewTable-pt-BR.xslt -> D:\Projects\SHHH\_docs\SHHH.Infrastructure.Web\Working\branding\MultiViewTable-pt-BR.xslt
    C:\Program Files (x86)\Sandcastle\\Presentation\VS2010\branding\dev10.mshc/MultiViewTable-ru-RU.xslt -> D:\Projects\SHHH\_docs\SHHH.Infrastructure.Web\Working\branding\MultiViewTable-ru-RU.xslt
    C:\Program Files (x86)\Sandcastle\\Presentation\VS2010\branding\dev10.mshc/MultiViewTable-tr-TR.xslt -> D:\Projects\SHHH\_docs\SHHH.Infrastructure.Web\Working\branding\MultiViewTable-tr-TR.xslt
    C:\Program Files (x86)\Sandcastle\\Presentation\VS2010\branding\dev10.mshc/MultiViewTable-zh-CN.xslt -> D:\Projects\SHHH\_docs\SHHH.Infrastructure.Web\Working\branding\MultiViewTable-zh-CN.xslt
    C:\Program Files (x86)\Sandcastle\\Presentation\VS2010\branding\dev10.mshc/MultiViewTable-zh-TW.xslt -> D:\Projects\SHHH\_docs\SHHH.Infrastructure.Web\Working\branding\MultiViewTable-zh-TW.xslt
    C:\Program Files (x86)\Sandcastle\\Presentation\VS2010\branding\dev10.mshc/index.xslt -> D:\Projects\SHHH\_docs\SHHH.Infrastructure.Web\Working\branding\index.xslt
    C:\Program Files (x86)\Sandcastle\\Presentation\VS2010\branding\dev10.mshc/index-cs-CZ.xslt -> D:\Projects\SHHH\_docs\SHHH.Infrastructure.Web\Working\branding\index-cs-CZ.xslt
    C:\Program Files (x86)\Sandcastle\\Presentation\VS2010\branding\dev10.mshc/index-de-DE.xslt -> D:\Projects\SHHH\_docs\SHHH.Infrastructure.Web\Working\branding\index-de-DE.xslt
    C:\Program Files (x86)\Sandcastle\\Presentation\VS2010\branding\dev10.mshc/index-en-US.xslt -> D:\Projects\SHHH\_docs\SHHH.Infrastructure.Web\Working\branding\index-en-US.xslt
    C:\Program Files (x86)\Sandcastle\\Presentation\VS2010\branding\dev10.mshc/index-es-ES.xslt -> D:\Projects\SHHH\_docs\SHHH.Infrastructure.Web\Working\branding\index-es-ES.xslt
    C:\Program Files (x86)\Sandcastle\\Presentation\VS2010\branding\dev10.mshc/index-fr-FR.xslt -> D:\Projects\SHHH\_docs\SHHH.Infrastructure.Web\Working\branding\index-fr-FR.xslt
    C:\Program Files (x86)\Sandcastle\\Presentation\VS2010\branding\dev10.mshc/index-it-IT.xslt -> D:\Projects\SHHH\_docs\SHHH.Infrastructure.Web\Working\branding\index-it-IT.xslt
    C:\Program Files (x86)\Sandcastle\\Presentation\VS2010\branding\dev10.mshc/index-ja-JP.xslt -> D:\Projects\SHHH\_docs\SHHH.Infrastructure.Web\Working\branding\index-ja-JP.xslt
    C:\Program Files (x86)\Sandcastle\\Presentation\VS2010\branding\dev10.mshc/index-ko-KR.xslt -> D:\Projects\SHHH\_docs\SHHH.Infrastructure.Web\Working\branding\index-ko-KR.xslt
    C:\Program Files (x86)\Sandcastle\\Presentation\VS2010\branding\dev10.mshc/index-pl-PL.xslt -> D:\Projects\SHHH\_docs\SHHH.Infrastructure.Web\Working\branding\index-pl-PL.xslt
    C:\Program Files (x86)\Sandcastle\\Presentation\VS2010\branding\dev10.mshc/index-pt-BR.xslt -> D:\Projects\SHHH\_docs\SHHH.Infrastructure.Web\Working\branding\index-pt-BR.xslt
    C:\Program Files (x86)\Sandcastle\\Presentation\VS2010\branding\dev10.mshc/index-ru-RU.xslt -> D:\Projects\SHHH\_docs\SHHH.Infrastructure.Web\Working\branding\index-ru-RU.xslt
    C:\Program Files (x86)\Sandcastle\\Presentation\VS2010\branding\dev10.mshc/index-tr-TR.xslt -> D:\Projects\SHHH\_docs\SHHH.Infrastructure.Web\Working\branding\index-tr-TR.xslt
    C:\Program Files (x86)\Sandcastle\\Presentation\VS2010\branding\dev10.mshc/index-zh-CN.xslt -> D:\Projects\SHHH\_docs\SHHH.Infrastructure.Web\Working\branding\index-zh-CN.xslt
    C:\Program Files (x86)\Sandcastle\\Presentation\VS2010\branding\dev10.mshc/index-zh-TW.xslt -> D:\Projects\SHHH\_docs\SHHH.Infrastructure.Web\Working\branding\index-zh-TW.xslt
    C:\Program Files (x86)\Sandcastle\\Presentation\VS2010\branding\dev10.mshc/search.xslt -> D:\Projects\SHHH\_docs\SHHH.Infrastructure.Web\Working\branding\search.xslt
    C:\Program Files (x86)\Sandcastle\\Presentation\VS2010\branding\dev10.mshc/search-cs-CZ.xslt -> D:\Projects\SHHH\_docs\SHHH.Infrastructure.Web\Working\branding\search-cs-CZ.xslt
    C:\Program Files (x86)\Sandcastle\\Presentation\VS2010\branding\dev10.mshc/search-de-DE.xslt -> D:\Projects\SHHH\_docs\SHHH.Infrastructure.Web\Working\branding\search-de-DE.xslt
    C:\Program Files (x86)\Sandcastle\\Presentation\VS2010\branding\dev10.mshc/search-en-US.xslt -> D:\Projects\SHHH\_docs\SHHH.Infrastructure.Web\Working\branding\search-en-US.xslt
    C:\Program Files (x86)\Sandcastle\\Presentation\VS2010\branding\dev10.mshc/search-es-ES.xslt -> D:\Projects\SHHH\_docs\SHHH.Infrastructure.Web\Working\branding\search-es-ES.xslt
    C:\Program Files (x86)\Sandcastle\\Presentation\VS2010\branding\dev10.mshc/search-fr-FR.xslt -> D:\Projects\SHHH\_docs\SHHH.Infrastructure.Web\Working\branding\search-fr-FR.xslt
    C:\Program Files (x86)\Sandcastle\\Presentation\VS2010\branding\dev10.mshc/search-it-IT.xslt -> D:\Projects\SHHH\_docs\SHHH.Infrastructure.Web\Working\branding\search-it-IT.xslt
    C:\Program Files (x86)\Sandcastle\\Presentation\VS2010\branding\dev10.mshc/search-ja-JP.xslt -> D:\Projects\SHHH\_docs\SHHH.Infrastructure.Web\Working\branding\search-ja-JP.xslt
    C:\Program Files (x86)\Sandcastle\\Presentation\VS2010\branding\dev10.mshc/search-ko-KR.xslt -> D:\Projects\SHHH\_docs\SHHH.Infrastructure.Web\Working\branding\search-ko-KR.xslt
    C:\Program Files (x86)\Sandcastle\\Presentation\VS2010\branding\dev10.mshc/search-pl-PL.xslt -> D:\Projects\SHHH\_docs\SHHH.Infrastructure.Web\Working\branding\search-pl-PL.xslt
    C:\Program Files (x86)\Sandcastle\\Presentation\VS2010\branding\dev10.mshc/search-pt-BR.xslt -> D:\Projects\SHHH\_docs\SHHH.Infrastructure.Web\Working\branding\search-pt-BR.xslt
    C:\Program Files (x86)\Sandcastle\\Presentation\VS2010\branding\dev10.mshc/search-ru-RU.xslt -> D:\Projects\SHHH\_docs\SHHH.Infrastructure.Web\Working\branding\search-ru-RU.xslt
    C:\Program Files (x86)\Sandcastle\\Presentation\VS2010\branding\dev10.mshc/search-tr-TR.xslt -> D:\Projects\SHHH\_docs\SHHH.Infrastructure.Web\Working\branding\search-tr-TR.xslt
    C:\Program Files (x86)\Sandcastle\\Presentation\VS2010\branding\dev10.mshc/search-zh-CN.xslt -> D:\Projects\SHHH\_docs\SHHH.Infrastructure.Web\Working\branding\search-zh-CN.xslt
    C:\Program Files (x86)\Sandcastle\\Presentation\VS2010\branding\dev10.mshc/search-zh-TW.xslt -> D:\Projects\SHHH\_docs\SHHH.Infrastructure.Web\Working\branding\search-zh-TW.xslt
    C:\Program Files (x86)\Sandcastle\\Presentation\VS2010\branding\dev10.mshc/toc.xslt -> D:\Projects\SHHH\_docs\SHHH.Infrastructure.Web\Working\branding\toc.xslt
    C:\Program Files (x86)\Sandcastle\\Presentation\VS2010\branding\dev10.mshc/toc-cs-CZ.xslt -> D:\Projects\SHHH\_docs\SHHH.Infrastructure.Web\Working\branding\toc-cs-CZ.xslt
    C:\Program Files (x86)\Sandcastle\\Presentation\VS2010\branding\dev10.mshc/toc-de-DE.xslt -> D:\Projects\SHHH\_docs\SHHH.Infrastructure.Web\Working\branding\toc-de-DE.xslt
    C:\Program Files (x86)\Sandcastle\\Presentation\VS2010\branding\dev10.mshc/toc-en-US.xslt -> D:\Projects\SHHH\_docs\SHHH.Infrastructure.Web\Working\branding\toc-en-US.xslt
    C:\Program Files (x86)\Sandcastle\\Presentation\VS2010\branding\dev10.mshc/toc-es-ES.xslt -> D:\Projects\SHHH\_docs\SHHH.Infrastructure.Web\Working\branding\toc-es-ES.xslt
    C:\Program Files (x86)\Sandcastle\\Presentation\VS2010\branding\dev10.mshc/toc-fr-FR.xslt -> D:\Projects\SHHH\_docs\SHHH.Infrastructure.Web\Working\branding\toc-fr-FR.xslt
    C:\Program Files (x86)\Sandcastle\\Presentation\VS2010\branding\dev10.mshc/toc-it-IT.xslt -> D:\Projects\SHHH\_docs\SHHH.Infrastructure.Web\Working\branding\toc-it-IT.xslt
    C:\Program Files (x86)\Sandcastle\\Presentation\VS2010\branding\dev10.mshc/toc-ja-JP.xslt -> D:\Projects\SHHH\_docs\SHHH.Infrastructure.Web\Working\branding\toc-ja-JP.xslt
    C:\Program Files (x86)\Sandcastle\\Presentation\VS2010\branding\dev10.mshc/toc-ko-KR.xslt -> D:\Projects\SHHH\_docs\SHHH.Infrastructure.Web\Working\branding\toc-ko-KR.xslt
    C:\Program Files (x86)\Sandcastle\\Presentation\VS2010\branding\dev10.mshc/toc-pl-PL.xslt -> D:\Projects\SHHH\_docs\SHHH.Infrastructure.Web\Working\branding\toc-pl-PL.xslt
    C:\Program Files (x86)\Sandcastle\\Presentation\VS2010\branding\dev10.mshc/toc-pt-BR.xslt -> D:\Projects\SHHH\_docs\SHHH.Infrastructure.Web\Working\branding\toc-pt-BR.xslt
    C:\Program Files (x86)\Sandcastle\\Presentation\VS2010\branding\dev10.mshc/toc-ru-RU.xslt -> D:\Projects\SHHH\_docs\SHHH.Infrastructure.Web\Working\branding\toc-ru-RU.xslt
    C:\Program Files (x86)\Sandcastle\\Presentation\VS2010\branding\dev10.mshc/toc-tr-TR.xslt -> D:\Projects\SHHH\_docs\SHHH.Infrastructure.Web\Working\branding\toc-tr-TR.xslt
    C:\Program Files (x86)\Sandcastle\\Presentation\VS2010\branding\dev10.mshc/toc-zh-CN.xslt -> D:\Projects\SHHH\_docs\SHHH.Infrastructure.Web\Working\branding\toc-zh-CN.xslt
    C:\Program Files (x86)\Sandcastle\\Presentation\VS2010\branding\dev10.mshc/toc-zh-TW.xslt -> D:\Projects\SHHH\_docs\SHHH.Infrastructure.Web\Working\branding\toc-zh-TW.xslt
C:\Program Files (x86)\Sandcastle\\Presentation\VS2010\branding -&gt; D:\Projects\SHHH\_docs\SHHH.Infrastructure.Web\Working\Output\Website\branding\
C:\Program Files (x86)\Sandcastle\\Presentation\VS2010\branding -&gt; D:\Projects\SHHH\_docs\SHHH.Infrastructure.Web\Working\branding
    C:\Program Files (x86)\Sandcastle\Presentation\VS2010\branding\branding.xml -> D:\Projects\SHHH\_docs\SHHH.Infrastructure.Web\Working\branding\branding.xml
    C:\Program Files (x86)\Sandcastle\Presentation\VS2010\branding\branding.xslt -> D:\Projects\SHHH\_docs\SHHH.Infrastructure.Web\Working\branding\branding.xslt
    C:\Program Files (x86)\Sandcastle\Presentation\VS2010\branding\branding-cs-CZ.xslt -> D:\Projects\SHHH\_docs\SHHH.Infrastructure.Web\Working\branding\branding-cs-CZ.xslt
    C:\Program Files (x86)\Sandcastle\Presentation\VS2010\branding\branding-de-DE.xslt -> D:\Projects\SHHH\_docs\SHHH.Infrastructure.Web\Working\branding\branding-de-DE.xslt
    C:\Program Files (x86)\Sandcastle\Presentation\VS2010\branding\branding-en-US.xslt -> D:\Projects\SHHH\_docs\SHHH.Infrastructure.Web\Working\branding\branding-en-US.xslt
    C:\Program Files (x86)\Sandcastle\Presentation\VS2010\branding\branding-es-ES.xslt -> D:\Projects\SHHH\_docs\SHHH.Infrastructure.Web\Working\branding\branding-es-ES.xslt
    C:\Program Files (x86)\Sandcastle\Presentation\VS2010\branding\branding-fr-FR.xslt -> D:\Projects\SHHH\_docs\SHHH.Infrastructure.Web\Working\branding\branding-fr-FR.xslt
    C:\Program Files (x86)\Sandcastle\Presentation\VS2010\branding\branding-it-IT.xslt -> D:\Projects\SHHH\_docs\SHHH.Infrastructure.Web\Working\branding\branding-it-IT.xslt
    C:\Program Files (x86)\Sandcastle\Presentation\VS2010\branding\branding-ja-JP.xslt -> D:\Projects\SHHH\_docs\SHHH.Infrastructure.Web\Working\branding\branding-ja-JP.xslt
    C:\Program Files (x86)\Sandcastle\Presentation\VS2010\branding\branding-ko-KR.xslt -> D:\Projects\SHHH\_docs\SHHH.Infrastructure.Web\Working\branding\branding-ko-KR.xslt
    C:\Program Files (x86)\Sandcastle\Presentation\VS2010\branding\branding-pl-PL.xslt -> D:\Projects\SHHH\_docs\SHHH.Infrastructure.Web\Working\branding\branding-pl-PL.xslt
    C:\Program Files (x86)\Sandcastle\Presentation\VS2010\branding\branding-pt-BR.xslt -> D:\Projects\SHHH\_docs\SHHH.Infrastructure.Web\Working\branding\branding-pt-BR.xslt
    C:\Program Files (x86)\Sandcastle\Presentation\VS2010\branding\branding-ru-RU.xslt -> D:\Projects\SHHH\_docs\SHHH.Infrastructure.Web\Working\branding\branding-ru-RU.xslt
    C:\Program Files (x86)\Sandcastle\Presentation\VS2010\branding\branding-tr-TR.xslt -> D:\Projects\SHHH\_docs\SHHH.Infrastructure.Web\Working\branding\branding-tr-TR.xslt
    C:\Program Files (x86)\Sandcastle\Presentation\VS2010\branding\branding-zh-CN.xslt -> D:\Projects\SHHH\_docs\SHHH.Infrastructure.Web\Working\branding\branding-zh-CN.xslt
    C:\Program Files (x86)\Sandcastle\Presentation\VS2010\branding\branding-zh-TW.xslt -> D:\Projects\SHHH\_docs\SHHH.Infrastructure.Web\Working\branding\branding-zh-TW.xslt
    C:\Program Files (x86)\Sandcastle\Presentation\VS2010\branding\ps-body.xslt -> D:\Projects\SHHH\_docs\SHHH.Infrastructure.Web\Working\branding\ps-body.xslt
    C:\Program Files (x86)\Sandcastle\Presentation\VS2010\branding\ps-head.xslt -> D:\Projects\SHHH\_docs\SHHH.Infrastructure.Web\Working\branding\ps-head.xslt
    C:\Program Files (x86)\Sandcastle\Presentation\VS2010\branding\ps-foot.xslt -> D:\Projects\SHHH\_docs\SHHH.Infrastructure.Web\Working\branding\ps-foot.xslt
    C:\Program Files (x86)\Sandcastle\Presentation\VS2010\branding\ps-collapsibleArea.xslt -> D:\Projects\SHHH\_docs\SHHH.Infrastructure.Web\Working\branding\ps-collapsibleArea.xslt
    C:\Program Files (x86)\Sandcastle\Presentation\VS2010\branding\ps-instrumentedLink.xslt -> D:\Projects\SHHH\_docs\SHHH.Infrastructure.Web\Working\branding\ps-instrumentedLink.xslt
    C:\Program Files (x86)\Sandcastle\Presentation\VS2010\branding\ps-languageSpecificText.xslt -> D:\Projects\SHHH\_docs\SHHH.Infrastructure.Web\Working\branding\ps-languageSpecificText.xslt
    C:\Program Files (x86)\Sandcastle\Presentation\VS2010\branding\ps-codesnippet.xslt -> D:\Projects\SHHH\_docs\SHHH.Infrastructure.Web\Working\branding\ps-codesnippet.xslt
    Last step completed in 00:00:01.1461
</buildStep>
<buildStep step="CopyAdditionalContent">
Copying additional content files...
No additional content to copy
    Last step completed in 00:00:00.0040
</buildStep>
<buildStep step="MergeTablesOfContents">
Merging conceptual and additional tables of contents...
    Last step completed in 00:00:00.0010
</buildStep>
<buildStep step="GenerateIntermediateTableOfContents">
Generating intermediate table of contents file...
[C:\Windows\Microsoft.NET\Framework\v4.0.30319\MSBuild.exe]
  XslTransform (v2.7.3.0)
  Copyright c 2006-2013, Microsoft Corporation, All Rights Reserved.
  Portions Copyright c 2006-2013, Eric Woodruff, All Rights Reserved.
  Info: Applying XSL transformation &#39;C:\Program Files (x86)\Sandcastle\\ProductionTransforms\CreateVSToc.xsl&#39;.
Generating conceptual content intermediate TOC file...
    Last step completed in 00:00:00.2670
</buildStep>
<buildStep step="CreateBuildAssemblerConfigs">
Creating Sandcastle configuration files...
    sandcastle.config
    Last step completed in 00:00:00.6290
</buildStep>
<buildStep step="MergeCustomConfigs">
Merging custom build component configurations
D:\Projects\SHHH\_docs\SHHH.Infrastructure.Web\Working\sandcastle.config
    Last step completed in 00:00:00.3360
</buildStep>
<buildStep step="BuildReferenceTopics">
Building reference help topics...
[C:\Windows\Microsoft.NET\Framework\v4.0.30319\MSBuild.exe]
  BuildAssembler (v2.7.3.0)
  Copyright c 2006-2013, Microsoft Corporation, All Rights Reserved.
  Portions Copyright c 2006-2013, Eric Woodruff, All Rights Reserved.
  Info: Loading configuration...
  Diagnostic: ResolveReferenceLinksComponent2: The MSDN content ID cache &#39;C:\Users\Geoff\AppData\Local\EWSoftware\Sandcastle Help File Builder\Cache\MsdnContentId.cache&#39; does not exist yet.  All IDs will be looked up in this build which will slow it down.
  Info: Processing topics...
  Warn: ResolveReferenceLinksComponent2: [M:SHHH.Infrastructure.Web.Bootstrap.DependencyResolver.DependencyResolverAdapter.#ctor(System.Web.Mvc.IDependencyResolver)] Unknown reference link target &#39;T:System.Web.Mvc.IDependencyResolver&#39;.
  Warn: ResolveReferenceLinksComponent2: [M:SHHH.Infrastructure.Web.Bootstrap.DependencyResolver.DependencyResolverAdapter.#ctor(System.Web.Mvc.IDependencyResolver)] Unknown reference link target &#39;T:System.Web.Mvc.IDependencyResolver&#39;.
  Warn: ResolveReferenceLinksComponent2: [M:SHHH.Infrastructure.Web.Bootstrap.DependencyResolver.DependencyResolverAdapter.#ctor(System.Web.Mvc.IDependencyResolver)] Unknown reference link target &#39;T:System.Web.Mvc.IDependencyResolver&#39;.
  Warn: ResolveReferenceLinksComponent2: [M:SHHH.Infrastructure.Web.Bootstrap.DependencyResolver.DependencyResolverAdapter.#ctor(System.Web.Mvc.IDependencyResolver)] Unknown reference link target &#39;T:System.Web.Mvc.IDependencyResolver&#39;.
  Warn: ResolveReferenceLinksComponent2: [M:SHHH.Infrastructure.Web.Html.HtmlHelperExtensions.Javascript(System.Web.Mvc.HtmlHelper,System.String,System.String,System.Boolean)] Unknown reference link target &#39;T:System.Web.Mvc.HtmlHelper&#39;.
  Warn: ResolveReferenceLinksComponent2: [M:SHHH.Infrastructure.Web.Html.HtmlHelperExtensions.Javascript(System.Web.Mvc.HtmlHelper,System.String,System.String,System.Boolean)] Unknown reference link target &#39;T:System.Web.Mvc.HtmlHelper&#39;.
  Warn: ResolveReferenceLinksComponent2: [M:SHHH.Infrastructure.Web.Html.HtmlHelperExtensions.Javascript(System.Web.Mvc.HtmlHelper,System.String,System.String,System.Boolean)] Unknown reference link target &#39;T:System.Web.Mvc.HtmlHelper&#39;.
  Warn: ResolveReferenceLinksComponent2: [M:SHHH.Infrastructure.Web.Html.HtmlHelperExtensions.Javascript(System.Web.Mvc.HtmlHelper,System.String,System.String,System.Boolean)] Unknown reference link target &#39;T:System.Web.Mvc.HtmlHelper&#39;.
  Warn: ResolveReferenceLinksComponent2: [M:SHHH.Infrastructure.Web.Html.HtmlHelperExtensions.Javascript(System.Web.Mvc.HtmlHelper,System.String,System.String,System.Boolean)] Unknown reference link target &#39;T:System.Web.Mvc.HtmlHelper&#39;.
  Warn: ResolveReferenceLinksComponent2: [M:SHHH.Infrastructure.Web.Html.HtmlHelperExtensions.JavascriptSwitch(System.Web.Mvc.HtmlHelper,System.String,System.String,System.Boolean)] Unknown reference link target &#39;T:System.Web.Mvc.HtmlHelper&#39;.
  Warn: ResolveReferenceLinksComponent2: [M:SHHH.Infrastructure.Web.Html.HtmlHelperExtensions.JavascriptSwitch(System.Web.Mvc.HtmlHelper,System.String,System.String,System.Boolean)] Unknown reference link target &#39;T:System.Web.Mvc.HtmlHelper&#39;.
  Warn: ResolveReferenceLinksComponent2: [M:SHHH.Infrastructure.Web.Html.HtmlHelperExtensions.JavascriptSwitch(System.Web.Mvc.HtmlHelper,System.String,System.String,System.Boolean)] Unknown reference link target &#39;T:System.Web.Mvc.HtmlHelper&#39;.
  Warn: ResolveReferenceLinksComponent2: [M:SHHH.Infrastructure.Web.Html.HtmlHelperExtensions.JavascriptSwitch(System.Web.Mvc.HtmlHelper,System.String,System.String,System.Boolean)] Unknown reference link target &#39;T:System.Web.Mvc.HtmlHelper&#39;.
  Warn: ResolveReferenceLinksComponent2: [M:SHHH.Infrastructure.Web.Html.HtmlHelperExtensions.JavascriptSwitch(System.Web.Mvc.HtmlHelper,System.String,System.String,System.Boolean)] Unknown reference link target &#39;T:System.Web.Mvc.HtmlHelper&#39;.
  Warn: ResolveReferenceLinksComponent2: [M:SHHH.Infrastructure.Web.Html.HtmlHelperExtensions.Json(System.Web.Mvc.HtmlHelper,System.Object,System.Action{{Newtonsoft.Json.JsonSerializerSettings}})] Unknown reference link target &#39;T:System.Web.Mvc.HtmlHelper&#39;.
  Warn: ResolveReferenceLinksComponent2: [M:SHHH.Infrastructure.Web.Html.HtmlHelperExtensions.Json(System.Web.Mvc.HtmlHelper,System.Object,System.Action{{Newtonsoft.Json.JsonSerializerSettings}})] Unknown reference link target &#39;T:Newtonsoft.Json.JsonSerializerSettings&#39;.
  Warn: ResolveReferenceLinksComponent2: [M:SHHH.Infrastructure.Web.Html.HtmlHelperExtensions.Json(System.Web.Mvc.HtmlHelper,System.Object,System.Action{{Newtonsoft.Json.JsonSerializerSettings}})] Unknown reference link target &#39;T:System.Web.Mvc.HtmlHelper&#39;.
  Warn: ResolveReferenceLinksComponent2: [M:SHHH.Infrastructure.Web.Html.HtmlHelperExtensions.Json(System.Web.Mvc.HtmlHelper,System.Object,System.Action{{Newtonsoft.Json.JsonSerializerSettings}})] Unknown reference link target &#39;T:Newtonsoft.Json.JsonSerializerSettings&#39;.
  Warn: ResolveReferenceLinksComponent2: [M:SHHH.Infrastructure.Web.Html.HtmlHelperExtensions.Json(System.Web.Mvc.HtmlHelper,System.Object,System.Action{{Newtonsoft.Json.JsonSerializerSettings}})] Unknown reference link target &#39;T:System.Web.Mvc.HtmlHelper&#39;.
  Warn: ResolveReferenceLinksComponent2: [M:SHHH.Infrastructure.Web.Html.HtmlHelperExtensions.Json(System.Web.Mvc.HtmlHelper,System.Object,System.Action{{Newtonsoft.Json.JsonSerializerSettings}})] Unknown reference link target &#39;T:Newtonsoft.Json.JsonSerializerSettings&#39;.
  Warn: ResolveReferenceLinksComponent2: [M:SHHH.Infrastructure.Web.Html.HtmlHelperExtensions.Json(System.Web.Mvc.HtmlHelper,System.Object,System.Action{{Newtonsoft.Json.JsonSerializerSettings}})] Unknown reference link target &#39;T:System.Web.Mvc.HtmlHelper&#39;.
  Warn: ResolveReferenceLinksComponent2: [M:SHHH.Infrastructure.Web.Html.HtmlHelperExtensions.Json(System.Web.Mvc.HtmlHelper,System.Object,System.Action{{Newtonsoft.Json.JsonSerializerSettings}})] Unknown reference link target &#39;T:Newtonsoft.Json.JsonSerializerSettings&#39;.
  Warn: ResolveReferenceLinksComponent2: [M:SHHH.Infrastructure.Web.Html.HtmlHelperExtensions.Json(System.Web.Mvc.HtmlHelper,System.Object,System.Action{{Newtonsoft.Json.JsonSerializerSettings}})] Unknown reference link target &#39;T:System.Web.Mvc.HtmlHelper&#39;.
  Warn: ResolveReferenceLinksComponent2: [M:SHHH.Infrastructure.Web.Html.HtmlHelperExtensions.Stylesheet(System.Web.Mvc.HtmlHelper,System.String,System.String,System.String,System.Boolean)] Unknown reference link target &#39;T:System.Web.Mvc.HtmlHelper&#39;.
  Warn: ResolveReferenceLinksComponent2: [M:SHHH.Infrastructure.Web.Html.HtmlHelperExtensions.Stylesheet(System.Web.Mvc.HtmlHelper,System.String,System.String,System.String,System.Boolean)] Unknown reference link target &#39;T:System.Web.Mvc.HtmlHelper&#39;.
  Warn: ResolveReferenceLinksComponent2: [M:SHHH.Infrastructure.Web.Html.HtmlHelperExtensions.Stylesheet(System.Web.Mvc.HtmlHelper,System.String,System.String,System.String,System.Boolean)] Unknown reference link target &#39;T:System.Web.Mvc.HtmlHelper&#39;.
  Warn: ResolveReferenceLinksComponent2: [M:SHHH.Infrastructure.Web.Html.HtmlHelperExtensions.Stylesheet(System.Web.Mvc.HtmlHelper,System.String,System.String,System.String,System.Boolean)] Unknown reference link target &#39;T:System.Web.Mvc.HtmlHelper&#39;.
  Warn: ResolveReferenceLinksComponent2: [M:SHHH.Infrastructure.Web.Html.HtmlHelperExtensions.Stylesheet(System.Web.Mvc.HtmlHelper,System.String,System.String,System.String,System.Boolean)] Unknown reference link target &#39;T:System.Web.Mvc.HtmlHelper&#39;.
  Warn: ResolveReferenceLinksComponent2: [T:SHHH.Infrastructure.Web.Http.WebApiModelBinderProvider] Unknown reference link target &#39;T:System.Web.Http.ModelBinding.ModelBinderProvider&#39;.
  Warn: ResolveReferenceLinksComponent2: [T:SHHH.Infrastructure.Web.Http.WebApiModelBinderProvider] Unknown reference link target &#39;T:System.Web.Http.ModelBinding.ModelBinderProvider&#39;.
  Warn: ResolveReferenceLinksComponent2: [T:SHHH.Infrastructure.Web.Http.WebApiModelBinderProvider] Unknown reference link target &#39;T:System.Web.Http.ModelBinding.ModelBinderProvider&#39;.
  Warn: ResolveReferenceLinksComponent2: [T:SHHH.Infrastructure.Web.Http.WebApiModelBinderProvider] Unknown reference link target &#39;T:System.Web.Http.ModelBinding.ModelBinderProvider&#39;.
  Warn: ResolveReferenceLinksComponent2: [AllMembers.T:SHHH.Infrastructure.Web.Http.WebApiModelBinderProvider] Unknown reference link target &#39;M:System.Web.Http.ModelBinding.ModelBinderProvider.GetBinder(System.Web.Http.HttpConfiguration,System.Type)&#39;.
  Warn: ResolveReferenceLinksComponent2: [Methods.T:SHHH.Infrastructure.Web.Http.WebApiModelBinderProvider] Unknown reference link target &#39;M:System.Web.Http.ModelBinding.ModelBinderProvider.GetBinder(System.Web.Http.HttpConfiguration,System.Type)&#39;.
  Warn: ResolveReferenceLinksComponent2: [P:SHHH.Infrastructure.Web.Http.WebApiModelBinderProvider.Binders] Unknown reference link target &#39;T:System.Web.Http.ModelBinding.IModelBinder&#39;.
  Warn: ResolveReferenceLinksComponent2: [P:SHHH.Infrastructure.Web.Http.WebApiModelBinderProvider.Binders] Unknown reference link target &#39;T:System.Web.Http.ModelBinding.IModelBinder&#39;.
  Warn: ResolveReferenceLinksComponent2: [P:SHHH.Infrastructure.Web.Http.WebApiModelBinderProvider.Binders] Unknown reference link target &#39;T:System.Web.Http.ModelBinding.IModelBinder&#39;.
  Warn: ResolveReferenceLinksComponent2: [P:SHHH.Infrastructure.Web.Http.WebApiModelBinderProvider.Binders] Unknown reference link target &#39;T:System.Web.Http.ModelBinding.IModelBinder&#39;.
  Warn: ResolveReferenceLinksComponent2: [P:SHHH.Infrastructure.Web.Http.WebApiModelBinderProvider.Binders] Unknown reference link target &#39;T:System.Web.Http.ModelBinding.IModelBinder&#39;.
  Warn: ResolveReferenceLinksComponent2: [P:SHHH.Infrastructure.Web.Http.WebApiModelBinderProvider.Binders] Unknown reference link target &#39;T:System.Web.Http.ModelBinding.IModelBinder&#39;.
  Warn: ResolveReferenceLinksComponent2: [M:SHHH.Infrastructure.Web.Http.WebApiModelBinderProvider.GetBinder(System.Web.Http.HttpConfiguration,System.Type)] Unknown reference link target &#39;T:System.Web.Http.ModelBinding.IModelBinder&#39;.
  Warn: ResolveReferenceLinksComponent2: [M:SHHH.Infrastructure.Web.Http.WebApiModelBinderProvider.GetBinder(System.Web.Http.HttpConfiguration,System.Type)] Unknown reference link target &#39;T:System.Web.Http.HttpConfiguration&#39;.
  Warn: ResolveReferenceLinksComponent2: [M:SHHH.Infrastructure.Web.Http.WebApiModelBinderProvider.GetBinder(System.Web.Http.HttpConfiguration,System.Type)] Unknown reference link target &#39;T:System.Web.Http.HttpConfiguration&#39;.
  Warn: ResolveReferenceLinksComponent2: [M:SHHH.Infrastructure.Web.Http.WebApiModelBinderProvider.GetBinder(System.Web.Http.HttpConfiguration,System.Type)] Unknown reference link target &#39;T:System.Web.Http.ModelBinding.IModelBinder&#39;.
  Warn: ResolveReferenceLinksComponent2: [M:SHHH.Infrastructure.Web.Http.WebApiModelBinderProvider.GetBinder(System.Web.Http.HttpConfiguration,System.Type)] Unknown reference link target &#39;T:System.Web.Http.ModelBinding.IModelBinder&#39;.
  Warn: ResolveReferenceLinksComponent2: [M:SHHH.Infrastructure.Web.Http.WebApiModelBinderProvider.GetBinder(System.Web.Http.HttpConfiguration,System.Type)] Unknown reference link target &#39;T:System.Web.Http.HttpConfiguration&#39;.
  Warn: ResolveReferenceLinksComponent2: [M:SHHH.Infrastructure.Web.Http.WebApiModelBinderProvider.GetBinder(System.Web.Http.HttpConfiguration,System.Type)] Unknown reference link target &#39;T:System.Web.Http.HttpConfiguration&#39;.
  Warn: ResolveReferenceLinksComponent2: [M:SHHH.Infrastructure.Web.Http.WebApiModelBinderProvider.GetBinder(System.Web.Http.HttpConfiguration,System.Type)] Unknown reference link target &#39;T:System.Web.Http.ModelBinding.IModelBinder&#39;.
  Warn: ResolveReferenceLinksComponent2: [T:SHHH.Infrastructure.Web.Http.Documentation.XmlCommentDocumentationProvider] Unknown reference link target &#39;T:System.Web.Http.Description.IDocumentationProvider&#39;.
  Warn: ResolveReferenceLinksComponent2: [T:SHHH.Infrastructure.Web.Http.Documentation.XmlCommentDocumentationProvider] Unknown reference link target &#39;T:System.Web.Http.Description.IDocumentationProvider&#39;.
  Warn: ResolveReferenceLinksComponent2: [T:SHHH.Infrastructure.Web.Http.Documentation.XmlCommentDocumentationProvider] Unknown reference link target &#39;T:System.Web.Http.Description.IDocumentationProvider&#39;.
  Warn: ResolveReferenceLinksComponent2: [AllMembers.T:SHHH.Infrastructure.Web.Http.Documentation.XmlCommentDocumentationProvider] Unknown reference link target &#39;T:System.Web.Http.Controllers.HttpActionDescriptor&#39;.
  Warn: ResolveReferenceLinksComponent2: [AllMembers.T:SHHH.Infrastructure.Web.Http.Documentation.XmlCommentDocumentationProvider] Unknown reference link target &#39;T:System.Web.Http.Controllers.HttpParameterDescriptor&#39;.
  Warn: ResolveReferenceLinksComponent2: [Methods.T:SHHH.Infrastructure.Web.Http.Documentation.XmlCommentDocumentationProvider] Unknown reference link target &#39;T:System.Web.Http.Controllers.HttpActionDescriptor&#39;.
  Warn: ResolveReferenceLinksComponent2: [Methods.T:SHHH.Infrastructure.Web.Http.Documentation.XmlCommentDocumentationProvider] Unknown reference link target &#39;T:System.Web.Http.Controllers.HttpParameterDescriptor&#39;.
  Warn: ResolveReferenceLinksComponent2: [Overload:SHHH.Infrastructure.Web.Http.Documentation.XmlCommentDocumentationProvider.GetDocumentation] Unknown reference link target &#39;T:System.Web.Http.Controllers.HttpActionDescriptor&#39;.
  Warn: ResolveReferenceLinksComponent2: [Overload:SHHH.Infrastructure.Web.Http.Documentation.XmlCommentDocumentationProvider.GetDocumentation] Unknown reference link target &#39;T:System.Web.Http.Controllers.HttpParameterDescriptor&#39;.
  Warn: ResolveReferenceLinksComponent2: [M:SHHH.Infrastructure.Web.Http.Documentation.XmlCommentDocumentationProvider.GetDocumentation(System.Web.Http.Controllers.HttpActionDescriptor)] Unknown reference link target &#39;T:System.Web.Http.Controllers.HttpActionDescriptor&#39;.
  Warn: ResolveReferenceLinksComponent2: [M:SHHH.Infrastructure.Web.Http.Documentation.XmlCommentDocumentationProvider.GetDocumentation(System.Web.Http.Controllers.HttpActionDescriptor)] Unknown reference link target &#39;T:System.Web.Http.Controllers.HttpActionDescriptor&#39;.
  Warn: ResolveReferenceLinksComponent2: [M:SHHH.Infrastructure.Web.Http.Documentation.XmlCommentDocumentationProvider.GetDocumentation(System.Web.Http.Controllers.HttpActionDescriptor)] Unknown reference link target &#39;T:System.Web.Http.Controllers.HttpActionDescriptor&#39;.
  Warn: ResolveReferenceLinksComponent2: [M:SHHH.Infrastructure.Web.Http.Documentation.XmlCommentDocumentationProvider.GetDocumentation(System.Web.Http.Controllers.HttpActionDescriptor)] Unknown reference link target &#39;T:System.Web.Http.Controllers.HttpActionDescriptor&#39;.
  Warn: ResolveReferenceLinksComponent2: [M:SHHH.Infrastructure.Web.Http.Documentation.XmlCommentDocumentationProvider.GetDocumentation(System.Web.Http.Controllers.HttpActionDescriptor)] Unknown reference link target &#39;T:System.Web.Http.Controllers.HttpActionDescriptor&#39;.
  Warn: ResolveReferenceLinksComponent2: [M:SHHH.Infrastructure.Web.Http.Documentation.XmlCommentDocumentationProvider.GetDocumentation(System.Web.Http.Controllers.HttpActionDescriptor)] Unknown reference link target &#39;M:System.Web.Http.Description.IDocumentationProvider.GetDocumentation(System.Web.Http.Controllers.HttpActionDescriptor)&#39;.
  Warn: ResolveReferenceLinksComponent2: [M:SHHH.Infrastructure.Web.Http.Documentation.XmlCommentDocumentationProvider.GetDocumentation(System.Web.Http.Controllers.HttpParameterDescriptor)] Unknown reference link target &#39;T:System.Web.Http.Controllers.HttpParameterDescriptor&#39;.
  Warn: ResolveReferenceLinksComponent2: [M:SHHH.Infrastructure.Web.Http.Documentation.XmlCommentDocumentationProvider.GetDocumentation(System.Web.Http.Controllers.HttpParameterDescriptor)] Unknown reference link target &#39;T:System.Web.Http.Controllers.HttpParameterDescriptor&#39;.
  Warn: ResolveReferenceLinksComponent2: [M:SHHH.Infrastructure.Web.Http.Documentation.XmlCommentDocumentationProvider.GetDocumentation(System.Web.Http.Controllers.HttpParameterDescriptor)] Unknown reference link target &#39;T:System.Web.Http.Controllers.HttpParameterDescriptor&#39;.
  Warn: ResolveReferenceLinksComponent2: [M:SHHH.Infrastructure.Web.Http.Documentation.XmlCommentDocumentationProvider.GetDocumentation(System.Web.Http.Controllers.HttpParameterDescriptor)] Unknown reference link target &#39;T:System.Web.Http.Controllers.HttpParameterDescriptor&#39;.
  Warn: ResolveReferenceLinksComponent2: [M:SHHH.Infrastructure.Web.Http.Documentation.XmlCommentDocumentationProvider.GetDocumentation(System.Web.Http.Controllers.HttpParameterDescriptor)] Unknown reference link target &#39;T:System.Web.Http.Controllers.HttpParameterDescriptor&#39;.
  Warn: ResolveReferenceLinksComponent2: [M:SHHH.Infrastructure.Web.Http.Documentation.XmlCommentDocumentationProvider.GetDocumentation(System.Web.Http.Controllers.HttpParameterDescriptor)] Unknown reference link target &#39;M:System.Web.Http.Description.IDocumentationProvider.GetDocumentation(System.Web.Http.Controllers.HttpParameterDescriptor)&#39;.
  Warn: ResolveReferenceLinksComponent2: [M:SHHH.Infrastructure.Web.Testing.FakeRequestMessageExtensions.SetFakeRequest(System.Web.Http.ApiController,System.Func{{System.Web.Http.HttpConfiguration}})] Unknown reference link target &#39;T:System.Web.Http.ApiController&#39;.
  Warn: ResolveReferenceLinksComponent2: [M:SHHH.Infrastructure.Web.Testing.FakeRequestMessageExtensions.SetFakeRequest(System.Web.Http.ApiController,System.Func{{System.Web.Http.HttpConfiguration}})] Unknown reference link target &#39;T:System.Web.Http.HttpConfiguration&#39;.
  Warn: ResolveReferenceLinksComponent2: [M:SHHH.Infrastructure.Web.Testing.FakeRequestMessageExtensions.SetFakeRequest(System.Web.Http.ApiController,System.Func{{System.Web.Http.HttpConfiguration}})] Unknown reference link target &#39;T:System.Web.Http.ApiController&#39;.
  Warn: ResolveReferenceLinksComponent2: [M:SHHH.Infrastructure.Web.Testing.FakeRequestMessageExtensions.SetFakeRequest(System.Web.Http.ApiController,System.Func{{System.Web.Http.HttpConfiguration}})] Unknown reference link target &#39;T:System.Web.Http.HttpConfiguration&#39;.
  Warn: ResolveReferenceLinksComponent2: [M:SHHH.Infrastructure.Web.Testing.FakeRequestMessageExtensions.SetFakeRequest(System.Web.Http.ApiController,System.Func{{System.Web.Http.HttpConfiguration}})] Unknown reference link target &#39;T:System.Web.Http.ApiController&#39;.
  Warn: ResolveReferenceLinksComponent2: [M:SHHH.Infrastructure.Web.Testing.FakeRequestMessageExtensions.SetFakeRequest(System.Web.Http.ApiController,System.Func{{System.Web.Http.HttpConfiguration}})] Unknown reference link target &#39;T:System.Web.Http.HttpConfiguration&#39;.
  Warn: ResolveReferenceLinksComponent2: [M:SHHH.Infrastructure.Web.Testing.FakeRequestMessageExtensions.SetFakeRequest(System.Web.Http.ApiController,System.Func{{System.Web.Http.HttpConfiguration}})] Unknown reference link target &#39;T:System.Web.Http.ApiController&#39;.
  Warn: ResolveReferenceLinksComponent2: [M:SHHH.Infrastructure.Web.Testing.FakeRequestMessageExtensions.SetFakeRequest(System.Web.Http.ApiController,System.Func{{System.Web.Http.HttpConfiguration}})] Unknown reference link target &#39;T:System.Web.Http.HttpConfiguration&#39;.
  Warn: ResolveReferenceLinksComponent2: [M:SHHH.Infrastructure.Web.Testing.FakeRequestMessageExtensions.SetFakeRequest(System.Web.Http.ApiController,System.Func{{System.Web.Http.HttpConfiguration}})] Unknown reference link target &#39;T:System.Web.Http.ApiController&#39;.
  Warn: ResolveReferenceLinksComponent2: [M:SHHH.Infrastructure.Web.Testing.FakeRequestMessageExtensions.SetFakeRequest(System.Web.Http.ApiController,System.Net.Http.HttpMethod,System.String,System.Func{{System.Web.Http.HttpConfiguration}})] Unknown reference link target &#39;T:System.Web.Http.ApiController&#39;.
  Warn: ResolveReferenceLinksComponent2: [M:SHHH.Infrastructure.Web.Testing.FakeRequestMessageExtensions.SetFakeRequest(System.Web.Http.ApiController,System.Net.Http.HttpMethod,System.String,System.Func{{System.Web.Http.HttpConfiguration}})] Unknown reference link target &#39;T:System.Net.Http.HttpMethod&#39;.
  Warn: ResolveReferenceLinksComponent2: [M:SHHH.Infrastructure.Web.Testing.FakeRequestMessageExtensions.SetFakeRequest(System.Web.Http.ApiController,System.Net.Http.HttpMethod,System.String,System.Func{{System.Web.Http.HttpConfiguration}})] Unknown reference link target &#39;T:System.Web.Http.HttpConfiguration&#39;.
  Warn: ResolveReferenceLinksComponent2: [M:SHHH.Infrastructure.Web.Testing.FakeRequestMessageExtensions.SetFakeRequest(System.Web.Http.ApiController,System.Net.Http.HttpMethod,System.String,System.Func{{System.Web.Http.HttpConfiguration}})] Unknown reference link target &#39;T:System.Web.Http.ApiController&#39;.
  Warn: ResolveReferenceLinksComponent2: [M:SHHH.Infrastructure.Web.Testing.FakeRequestMessageExtensions.SetFakeRequest(System.Web.Http.ApiController,System.Net.Http.HttpMethod,System.String,System.Func{{System.Web.Http.HttpConfiguration}})] Unknown reference link target &#39;T:System.Net.Http.HttpMethod&#39;.
  Warn: ResolveReferenceLinksComponent2: [M:SHHH.Infrastructure.Web.Testing.FakeRequestMessageExtensions.SetFakeRequest(System.Web.Http.ApiController,System.Net.Http.HttpMethod,System.String,System.Func{{System.Web.Http.HttpConfiguration}})] Unknown reference link target &#39;T:System.Web.Http.HttpConfiguration&#39;.
  Warn: ResolveReferenceLinksComponent2: [M:SHHH.Infrastructure.Web.Testing.FakeRequestMessageExtensions.SetFakeRequest(System.Web.Http.ApiController,System.Net.Http.HttpMethod,System.String,System.Func{{System.Web.Http.HttpConfiguration}})] Unknown reference link target &#39;T:System.Web.Http.ApiController&#39;.
  Warn: ResolveReferenceLinksComponent2: [M:SHHH.Infrastructure.Web.Testing.FakeRequestMessageExtensions.SetFakeRequest(System.Web.Http.ApiController,System.Net.Http.HttpMethod,System.String,System.Func{{System.Web.Http.HttpConfiguration}})] Unknown reference link target &#39;T:System.Net.Http.HttpMethod&#39;.
  Warn: ResolveReferenceLinksComponent2: [M:SHHH.Infrastructure.Web.Testing.FakeRequestMessageExtensions.SetFakeRequest(System.Web.Http.ApiController,System.Net.Http.HttpMethod,System.String,System.Func{{System.Web.Http.HttpConfiguration}})] Unknown reference link target &#39;T:System.Web.Http.HttpConfiguration&#39;.
  Warn: ResolveReferenceLinksComponent2: [M:SHHH.Infrastructure.Web.Testing.FakeRequestMessageExtensions.SetFakeRequest(System.Web.Http.ApiController,System.Net.Http.HttpMethod,System.String,System.Func{{System.Web.Http.HttpConfiguration}})] Unknown reference link target &#39;T:System.Web.Http.ApiController&#39;.
  Warn: ResolveReferenceLinksComponent2: [M:SHHH.Infrastructure.Web.Testing.FakeRequestMessageExtensions.SetFakeRequest(System.Web.Http.ApiController,System.Net.Http.HttpMethod,System.String,System.Func{{System.Web.Http.HttpConfiguration}})] Unknown reference link target &#39;T:System.Net.Http.HttpMethod&#39;.
  Warn: ResolveReferenceLinksComponent2: [M:SHHH.Infrastructure.Web.Testing.FakeRequestMessageExtensions.SetFakeRequest(System.Web.Http.ApiController,System.Net.Http.HttpMethod,System.String,System.Func{{System.Web.Http.HttpConfiguration}})] Unknown reference link target &#39;T:System.Web.Http.HttpConfiguration&#39;.
  Warn: ResolveReferenceLinksComponent2: [M:SHHH.Infrastructure.Web.Testing.FakeRequestMessageExtensions.SetFakeRequest(System.Web.Http.ApiController,System.Net.Http.HttpMethod,System.String,System.Func{{System.Web.Http.HttpConfiguration}})] Unknown reference link target &#39;T:System.Web.Http.ApiController&#39;.
  Warn: ResolveReferenceLinksComponent2: [M:SHHH.Infrastructure.Web.Testing.FakeRequestMessageExtensions.SetFakeRequest(System.Web.Http.ApiController,System.Net.Http.HttpMethod,System.Uri,System.Func{{System.Web.Http.HttpConfiguration}})] Unknown reference link target &#39;T:System.Web.Http.ApiController&#39;.
  Warn: ResolveReferenceLinksComponent2: [M:SHHH.Infrastructure.Web.Testing.FakeRequestMessageExtensions.SetFakeRequest(System.Web.Http.ApiController,System.Net.Http.HttpMethod,System.Uri,System.Func{{System.Web.Http.HttpConfiguration}})] Unknown reference link target &#39;T:System.Net.Http.HttpMethod&#39;.
  Warn: ResolveReferenceLinksComponent2: [M:SHHH.Infrastructure.Web.Testing.FakeRequestMessageExtensions.SetFakeRequest(System.Web.Http.ApiController,System.Net.Http.HttpMethod,System.Uri,System.Func{{System.Web.Http.HttpConfiguration}})] Unknown reference link target &#39;T:System.Web.Http.HttpConfiguration&#39;.
  Warn: ResolveReferenceLinksComponent2: [M:SHHH.Infrastructure.Web.Testing.FakeRequestMessageExtensions.SetFakeRequest(System.Web.Http.ApiController,System.Net.Http.HttpMethod,System.Uri,System.Func{{System.Web.Http.HttpConfiguration}})] Unknown reference link target &#39;T:System.Web.Http.ApiController&#39;.
  Warn: ResolveReferenceLinksComponent2: [M:SHHH.Infrastructure.Web.Testing.FakeRequestMessageExtensions.SetFakeRequest(System.Web.Http.ApiController,System.Net.Http.HttpMethod,System.Uri,System.Func{{System.Web.Http.HttpConfiguration}})] Unknown reference link target &#39;T:System.Net.Http.HttpMethod&#39;.
  Warn: ResolveReferenceLinksComponent2: [M:SHHH.Infrastructure.Web.Testing.FakeRequestMessageExtensions.SetFakeRequest(System.Web.Http.ApiController,System.Net.Http.HttpMethod,System.Uri,System.Func{{System.Web.Http.HttpConfiguration}})] Unknown reference link target &#39;T:System.Web.Http.HttpConfiguration&#39;.
  Warn: ResolveReferenceLinksComponent2: [M:SHHH.Infrastructure.Web.Testing.FakeRequestMessageExtensions.SetFakeRequest(System.Web.Http.ApiController,System.Net.Http.HttpMethod,System.Uri,System.Func{{System.Web.Http.HttpConfiguration}})] Unknown reference link target &#39;T:System.Web.Http.ApiController&#39;.
  Warn: ResolveReferenceLinksComponent2: [M:SHHH.Infrastructure.Web.Testing.FakeRequestMessageExtensions.SetFakeRequest(System.Web.Http.ApiController,System.Net.Http.HttpMethod,System.Uri,System.Func{{System.Web.Http.HttpConfiguration}})] Unknown reference link target &#39;T:System.Net.Http.HttpMethod&#39;.
  Warn: ResolveReferenceLinksComponent2: [M:SHHH.Infrastructure.Web.Testing.FakeRequestMessageExtensions.SetFakeRequest(System.Web.Http.ApiController,System.Net.Http.HttpMethod,System.Uri,System.Func{{System.Web.Http.HttpConfiguration}})] Unknown reference link target &#39;T:System.Web.Http.HttpConfiguration&#39;.
  Warn: ResolveReferenceLinksComponent2: [M:SHHH.Infrastructure.Web.Testing.FakeRequestMessageExtensions.SetFakeRequest(System.Web.Http.ApiController,System.Net.Http.HttpMethod,System.Uri,System.Func{{System.Web.Http.HttpConfiguration}})] Unknown reference link target &#39;T:System.Web.Http.ApiController&#39;.
  Warn: ResolveReferenceLinksComponent2: [M:SHHH.Infrastructure.Web.Testing.FakeRequestMessageExtensions.SetFakeRequest(System.Web.Http.ApiController,System.Net.Http.HttpMethod,System.Uri,System.Func{{System.Web.Http.HttpConfiguration}})] Unknown reference link target &#39;T:System.Net.Http.HttpMethod&#39;.
  Warn: ResolveReferenceLinksComponent2: [M:SHHH.Infrastructure.Web.Testing.FakeRequestMessageExtensions.SetFakeRequest(System.Web.Http.ApiController,System.Net.Http.HttpMethod,System.Uri,System.Func{{System.Web.Http.HttpConfiguration}})] Unknown reference link target &#39;T:System.Web.Http.HttpConfiguration&#39;.
  Warn: ResolveReferenceLinksComponent2: [M:SHHH.Infrastructure.Web.Testing.FakeRequestMessageExtensions.SetFakeRequest(System.Web.Http.ApiController,System.Net.Http.HttpMethod,System.Uri,System.Func{{System.Web.Http.HttpConfiguration}})] Unknown reference link target &#39;T:System.Web.Http.ApiController&#39;.
  Warn: ResolveReferenceLinksComponent2: [M:SHHH.Infrastructure.Web.Testing.HttpRouteTestBase.#ctor(System.Func{{System.Web.Http.HttpConfiguration}})] Unknown reference link target &#39;T:System.Web.Http.HttpConfiguration&#39;.
  Warn: ResolveReferenceLinksComponent2: [M:SHHH.Infrastructure.Web.Testing.HttpRouteTestBase.#ctor(System.Func{{System.Web.Http.HttpConfiguration}})] Unknown reference link target &#39;T:System.Web.Http.HttpConfiguration&#39;.
  Warn: ResolveReferenceLinksComponent2: [M:SHHH.Infrastructure.Web.Testing.HttpRouteTestBase.#ctor(System.Func{{System.Web.Http.HttpConfiguration}})] Unknown reference link target &#39;T:System.Web.Http.HttpConfiguration&#39;.
  Warn: ResolveReferenceLinksComponent2: [M:SHHH.Infrastructure.Web.Testing.HttpRouteTestBase.#ctor(System.Func{{System.Web.Http.HttpConfiguration}})] Unknown reference link target &#39;T:System.Web.Http.HttpConfiguration&#39;.
  Warn: ResolveReferenceLinksComponent2: [M:SHHH.Infrastructure.Web.Testing.HttpRouteTestBase.TestHttpRoute``2(System.Net.Http.HttpMethod,System.String,System.Type,System.Linq.Expressions.Expression{{System.Func{{``0,``1}}}})] Unknown reference link target &#39;T:System.Net.Http.HttpMethod&#39;.
  Warn: ResolveReferenceLinksComponent2: [M:SHHH.Infrastructure.Web.Testing.HttpRouteTestBase.TestHttpRoute``2(System.Net.Http.HttpMethod,System.String,System.Type,System.Linq.Expressions.Expression{{System.Func{{``0,``1}}}})] Unknown reference link target &#39;T:System.Net.Http.HttpMethod&#39;.
  Warn: ResolveReferenceLinksComponent2: [M:SHHH.Infrastructure.Web.Testing.HttpRouteTestBase.TestHttpRoute``2(System.Net.Http.HttpMethod,System.String,System.Type,System.Linq.Expressions.Expression{{System.Func{{``0,``1}}}})] Unknown reference link target &#39;T:System.Net.Http.HttpMethod&#39;.
  Warn: ResolveReferenceLinksComponent2: [M:SHHH.Infrastructure.Web.Testing.HttpRouteTestBase.TestHttpRoute``2(System.Net.Http.HttpMethod,System.String,System.Type,System.Linq.Expressions.Expression{{System.Func{{``0,``1}}}})] Unknown reference link target &#39;T:System.Net.Http.HttpMethod&#39;.
  Warn: ShowMissingComponent: [M:SHHH.Infrastructure.Web.Testing.MvcRouteTestBase.TestRouteFromUrl(System.String,System.String,System.String)] Missing &lt;returns&gt; documentation
  Warn: ResolveReferenceLinksComponent2: [M:SHHH.Infrastructure.Web.Testing.RouteTester.#ctor(System.Web.Http.HttpConfiguration,System.Net.Http.HttpRequestMessage)] Unknown reference link target &#39;T:System.Web.Http.HttpConfiguration&#39;.
  Warn: ResolveReferenceLinksComponent2: [M:SHHH.Infrastructure.Web.Testing.RouteTester.#ctor(System.Web.Http.HttpConfiguration,System.Net.Http.HttpRequestMessage)] Unknown reference link target &#39;T:System.Net.Http.HttpRequestMessage&#39;.
  Warn: ResolveReferenceLinksComponent2: [M:SHHH.Infrastructure.Web.Testing.RouteTester.#ctor(System.Web.Http.HttpConfiguration,System.Net.Http.HttpRequestMessage)] Unknown reference link target &#39;T:System.Web.Http.HttpConfiguration&#39;.
  Warn: ResolveReferenceLinksComponent2: [M:SHHH.Infrastructure.Web.Testing.RouteTester.#ctor(System.Web.Http.HttpConfiguration,System.Net.Http.HttpRequestMessage)] Unknown reference link target &#39;T:System.Net.Http.HttpRequestMessage&#39;.
  Warn: ResolveReferenceLinksComponent2: [M:SHHH.Infrastructure.Web.Testing.RouteTester.#ctor(System.Web.Http.HttpConfiguration,System.Net.Http.HttpRequestMessage)] Unknown reference link target &#39;T:System.Web.Http.HttpConfiguration&#39;.
  Warn: ResolveReferenceLinksComponent2: [M:SHHH.Infrastructure.Web.Testing.RouteTester.#ctor(System.Web.Http.HttpConfiguration,System.Net.Http.HttpRequestMessage)] Unknown reference link target &#39;T:System.Net.Http.HttpRequestMessage&#39;.
  Warn: ResolveReferenceLinksComponent2: [M:SHHH.Infrastructure.Web.Testing.RouteTester.#ctor(System.Web.Http.HttpConfiguration,System.Net.Http.HttpRequestMessage)] Unknown reference link target &#39;T:System.Web.Http.HttpConfiguration&#39;.
  Warn: ResolveReferenceLinksComponent2: [M:SHHH.Infrastructure.Web.Testing.RouteTester.#ctor(System.Web.Http.HttpConfiguration,System.Net.Http.HttpRequestMessage)] Unknown reference link target &#39;T:System.Net.Http.HttpRequestMessage&#39;.
  Info: Processed 125 topic(s)
  Info: 121 warning(s)
  Diagnostic: CopyFromIndexComponent: &quot;reflection&quot; in-memory cache entries used: 7 of 15.
  Diagnostic: CopyFromIndexComponent: &quot;comments&quot; in-memory cache entries used: 6 of 30.
  Diagnostic: ResolveReferenceLinksComponent2: New MSDN content ID cache size: 35 entries
    Last step completed in 00:00:31.7398
</buildStep>
<buildStep step="CombiningIntermediateTocFiles">
Combining conceptual and API intermediate TOC files...

Clearing any prior web output
    Last step completed in 00:00:00.0000
</buildStep>
<buildStep step="ExtractingHtmlInfo">
Extracting HTML info for HTML Help 1 and/or website...
[C:\Windows\Microsoft.NET\Framework\v4.0.30319\MSBuild.exe]
Sandcastle Help File Builder, version 1.9.7.0
Copyright c 2006-2013, Eric Woodruff, All Rights Reserved
E-Mail: Eric@EWoodruff.us

Using LCID &#39;1033&#39;, code page &#39;65001&#39;, encoding charset &#39;UTF-8&#39;.

Processing website files in D:\Projects\SHHH\_docs\SHHH.Infrastructure.Web\Working\Output\Website
Processed 125 HTML files
Sorting keywords and generating See Also indices
Saving website keyword index to D:\Projects\SHHH\_docs\SHHH.Infrastructure.Web\Working\WebKI.xml
Saving website table of contents to D:\Projects\SHHH\_docs\SHHH.Infrastructure.Web\Working\WebTOC.xml
    Last step completed in 00:00:00.3750
</buildStep>
<buildStep step="GenerateHelpFormatTableOfContents">
Generating website table of contents file...
    Last step completed in 00:00:00.0010
</buildStep>
<buildStep step="GenerateFullTextIndex">
Generating full-text index for the website...

    Last step completed in 00:00:00.4140
</buildStep>
<buildStep step="CopyingWebsiteFiles">
Copying website files to output folder...

Copied 100 files
Copied 200 files
Copied 222 files for the website content
    Last step completed in 00:00:00.4180
</buildStep>
<buildStep step="CleanIntermediates">
Removing intermediate files...
    Last step completed in 00:00:00.1090
</buildStep>
<buildStep step="Completed">

Build completed successfully at 05/21/2013 11:06 PM.  Total time: 00:00:40.2453

</buildStep>
</shfbBuild>
